Build started 5/20/2015 8:36:31 PM.
     1>Project "C:\Users\CHEN\documents\visual studio 2013\Projects\Assignment 3\Assignment 3\Assignment 3.vcxproj" on node 2 (Build target(s)).
     1>ClCompile:
         D:\Program files\visual studio 2013\VC\bin\CL.exe /c /ZI /nologo /W3 /WX- /sdl /Od /Oy- /D _MBCS /Gm /EHsc /RTC1 /MDd /GS /fp:precise /Zc:wchar_t /Zc:forScope /Fo"Debug\\" /Fd"Debug\vc120.pdb" /Gd /TP /analyze- /errorReport:prompt Algorithms.cpp main.cpp
         Algorithms.cpp
     1>c:\users\chen\documents\visual studio 2013\projects\assignment 3\assignment 3\adjacencylist.h(109): warning C4018: '<' : signed/unsigned mismatch
         Generating Code...
     1>c:\users\chen\documents\visual studio 2013\projects\assignment 3\assignment 3\adjacencylist.h(100): warning C4715: 'AdjacencyList::getWeight' : not all control paths return a value
         Compiling...
         main.cpp
     1>c:\users\chen\documents\visual studio 2013\projects\assignment 3\assignment 3\adjacencylist.h(109): warning C4018: '<' : signed/unsigned mismatch
     1>c:\users\chen\documents\visual studio 2013\projects\assignment 3\assignment 3\main.cpp(25): warning C4018: '<' : signed/unsigned mismatch
     1>c:\users\chen\documents\visual studio 2013\projects\assignment 3\assignment 3\main.cpp(41): warning C4018: '<' : signed/unsigned mismatch
         Generating Code...
       Link:
         D:\Program files\visual studio 2013\VC\bin\link.exe /ERRORREPORT:PROMPT /OUT:"C:\Users\CHEN\Documents\Visual Studio 2013\Projects\Assignment 3\Debug\Assignment 3.exe" /INCREMENTAL /NOLOGO kernel32.lib user32.lib gdi32.lib winspool.lib comdlg32.lib advapi32.lib shell32.lib ole32.lib oleaut32.lib uuid.lib odbc32.lib odbccp32.lib /MANIFEST /MANIFESTUAC:"level='asInvoker' uiAccess='false'" /manifest:embed /DEBUG /PDB:"C:\Users\CHEN\Documents\Visual Studio 2013\Projects\Assignment 3\Debug\Assignment 3.pdb" /TLBID:1 /DYNAMICBASE /NXCOMPAT /IMPLIB:"C:\Users\CHEN\Documents\Visual Studio 2013\Projects\Assignment 3\Debug\Assignment 3.lib" /MACHINE:X86 Debug\Algorithms.obj
         Debug\main.obj
         Assignment 3.vcxproj -> C:\Users\CHEN\Documents\Visual Studio 2013\Projects\Assignment 3\Debug\Assignment 3.exe
     1>Done Building Project "C:\Users\CHEN\documents\visual studio 2013\Projects\Assignment 3\Assignment 3\Assignment 3.vcxproj" (Build target(s)).

Build succeeded.

Time Elapsed 00:00:02.70
